[feat +93ms] connected 6/6 sockets
[feat +489ms] FAIL  Đăng nhập / phiên làm việc (/me)  — no user in /me
[feat +535ms] PASS  Đăng xuất rồi đăng nhập lại (logout invalidates token)  (46ms) — token revoked after logout ✓
[feat +539ms] PASS  Mở ca (đầu ca) + đếm tiền két đầu ca  (4ms) — ca đã mở sẵn: Ca sang
[feat +542ms] PASS  Tạo bàn (setup vận hành)  (3ms) — bàn A01
[feat +787ms] PASS  FnB: Khách order (tablet) → POS thấy NGAY (order:pending realtime)  (245ms) — order 5jp43u, 3 dòng món, POS thấy sau 138ms
[feat +1012ms] PASS  FnB: Xóa/bỏ món đang chờ xác nhận (void pending item)  (225ms) — đã hủy 1 dòng món chờ xác nhận
[feat +1222ms] PASS  FnB: Nhân viên confirm → BẾP (KDS) + tablet khách thấy NGAY  (209ms) — bếp +164ms, tablet +161ms, in tem: kitchen_ticket
[feat +1496ms] PASS  Bếp: KDS chuyển trạng thái nhận→làm→xong → tablet khách cập nhật  (274ms) — 2 món tới 'ready', tablet thấy 'xong' +43ms
[feat +2226ms] PASS  FnB: Thanh toán bill (tiền mặt) + payment:done realtime  (730ms) — thu 300.000đ, bill 90626001
[feat +2269ms] PASS  Xuất hóa đơn VAT (e-invoice mock) cho bill đã trả  (43ms) — HĐ số 00000001 (provider=local)
[feat +2356ms] PASS  Retail: Bán hàng (POS retail có máy scan) + in receipt  (87ms) — bán SKU 7Up 330ml, order qpw6lr
[feat +2360ms] FAIL  Retail: Hoàn trả hàng (refund) → tồn kho hoàn lại + inventory:updated  — HTTP 400 POST /api/retail/o_5647qpw6lr/refund: 7Up 330ml bắt buộc nhập hạn sử dụng
[feat +2401ms] PASS  Đổi giá món lúc đang vận hành (cần PIN QL) → menu:updated tới tablet+POS  (42ms) — giá → 121.000đ, tablet nhận menu:updated
[feat +2407ms] PASS  Tạm hết món / còn món (availability) realtime  (6ms) — toggle hết→còn OK
[feat +2426ms] PASS  Chi tiền từ két (chi tiền) + shift:updated realtime  (19ms) — chi 150,000đ, két còn 4.290.000đ
[feat +2436ms] PASS  Hoàn chi (reimbursement) liên kết khoản đã chi  (9ms) — hoàn 150,000đ, két còn 4.440.000đ
[feat +2438ms] PASS  Ghi chi phí kế toán (chi trực tiếp, không qua két) + expenses:updated  (3ms) — chi phí 250,000đ (Thuê mặt bằng)
[feat +2442ms] PASS  Nhập kho thêm hàng (phone văn phòng) + inventory:updated realtime  (4ms) — nhập 10 đv, phone thấy +3ms
[feat +3445ms] PASS  Chỉnh sửa cấu hình (settings) có cổng PIN Quản lý  (1003ms) — ipad_staff_pin đổi & lưu OK
[feat +3453ms] PASS  Xuất báo cáo bán hàng (JSON)  (8ms) — báo cáo "Báo cáo bán hàng" OK
[feat +3494ms] PASS  Xuất báo cáo ra Excel (.xls) + Word (.doc)  (41ms) — xls 4063B, doc 4063B
[feat +3507ms] PASS  Đóng ca (cuối ca) + báo cáo đối soát tiền két  (13ms) — ca đóng, DT ca 440.000đ, dự kiến két 4.440.000đ
[feat +3540ms] PASS  Realtime: đổi giá → tablet (đo lại sạch)  (33ms) — menu:updated tới tablet +33ms
