{"time":"2026-06-28T15:46:38.071Z","level":"info","message":"database backup written","meta":{"path":"C:\\Users\\PC\\AppData\\Roaming\\Dan D Pak POS ERP\\data\\backups\\store-2026-06-28T15-46-37.db","bytes":27308032,"pruned":0}}
{"time":"2026-06-28T15:46:38.078Z","level":"info","message":"POS/ERP server started","meta":{"port":3000,"localUrl":"http://localhost:3000","webRoot":"C:\\Users\\PC\\Desktop\\Dan D Pak\\web","runtime":{"nodeEnv":"development","deploymentTarget":"local","providers":{"database":"sqlite","realtime":"socketio","storage":"local"},"appDataDirConfigured":false,"centralSyncConfigured":false,"corsConfigured":false,"backupRetentionDays":14,"warnings":[],"activeAppDataDirConfigured":true,"providerIssues":[],"startedAt":"2026-06-28T15:46:37.364Z"}}}
{"time":"2026-06-28T15:47:04.261Z","level":"info","message":"http request","meta":{"method":"POST","url":"/api/login","status":200,"ms":53}}
{"time":"2026-06-28T15:47:04.269Z","level":"info","message":"http request","meta":{"method":"GET","url":"/api/shifts/current","status":200,"ms":7}}
Restarting 'server/index.js'
{"time":"2026-06-28T16:00:47.750Z","level":"info","message":"database backup written","meta":{"path":"C:\\Users\\PC\\AppData\\Roaming\\Dan D Pak POS ERP\\data\\backups\\store-2026-06-28T16-00-47.db","bytes":35581952,"pruned":0}}
{"time":"2026-06-28T16:00:47.753Z","level":"info","message":"POS/ERP server started","meta":{"port":3000,"localUrl":"http://localhost:3000","webRoot":"C:\\Users\\PC\\Desktop\\Dan D Pak\\web","runtime":{"nodeEnv":"development","deploymentTarget":"local","providers":{"database":"sqlite","realtime":"socketio","storage":"local"},"appDataDirConfigured":false,"centralSyncConfigured":false,"corsConfigured":false,"backupRetentionDays":14,"warnings":[],"activeAppDataDirConfigured":true,"providerIssues":[],"startedAt":"2026-06-28T16:00:46.937Z"}}}
Restarting 'server/index.js'
Restarting 'server/index.js'
{"time":"2026-06-28T16:01:12.618Z","level":"info","message":"database backup written","meta":{"path":"C:\\Users\\PC\\AppData\\Roaming\\Dan D Pak POS ERP\\data\\backups\\store-2026-06-28T16-01-12.db","bytes":35835904,"pruned":0}}
{"time":"2026-06-28T16:01:12.622Z","level":"info","message":"POS/ERP server started","meta":{"port":3000,"localUrl":"http://localhost:3000","webRoot":"C:\\Users\\PC\\Desktop\\Dan D Pak\\web","runtime":{"nodeEnv":"development","deploymentTarget":"local","providers":{"database":"sqlite","realtime":"socketio","storage":"local"},"appDataDirConfigured":false,"centralSyncConfigured":false,"corsConfigured":false,"backupRetentionDays":14,"warnings":[],"activeAppDataDirConfigured":true,"providerIssues":[],"startedAt":"2026-06-28T16:01:11.973Z"}}}
Restarting 'server/index.js'
Restarting 'server/index.js'
Restarting 'server/index.js'
{"time":"2026-06-28T16:14:59.523Z","level":"info","message":"database backup written","meta":{"path":"C:\\Users\\PC\\AppData\\Roaming\\Dan D Pak POS ERP\\data\\backups\\store-2026-06-28T16-14-59.db","bytes":36651008,"pruned":0}}
{"time":"2026-06-28T16:14:59.526Z","level":"info","message":"POS/ERP server started","meta":{"port":3000,"localUrl":"http://localhost:3000","webRoot":"C:\\Users\\PC\\Desktop\\Dan D Pak\\web","runtime":{"nodeEnv":"development","deploymentTarget":"local","providers":{"database":"sqlite","realtime":"socketio","storage":"local"},"appDataDirConfigured":false,"centralSyncConfigured":false,"corsConfigured":false,"backupRetentionDays":14,"warnings":[],"activeAppDataDirConfigured":true,"providerIssues":[],"startedAt":"2026-06-28T16:14:58.804Z"}}}
Restarting 'server/index.js'
{"time":"2026-06-28T16:16:08.191Z","level":"info","message":"database backup written","meta":{"path":"C:\\Users\\PC\\AppData\\Roaming\\Dan D Pak POS ERP\\data\\backups\\store-2026-06-28T16-16-07.db","bytes":36937728,"pruned":0}}
{"time":"2026-06-28T16:16:08.197Z","level":"info","message":"POS/ERP server started","meta":{"port":3000,"localUrl":"http://localhost:3000","webRoot":"C:\\Users\\PC\\Desktop\\Dan D Pak\\web","runtime":{"nodeEnv":"development","deploymentTarget":"local","providers":{"database":"sqlite","realtime":"socketio","storage":"local"},"appDataDirConfigured":false,"centralSyncConfigured":false,"corsConfigured":false,"backupRetentionDays":14,"warnings":[],"activeAppDataDirConfigured":true,"providerIssues":[],"startedAt":"2026-06-28T16:16:06.940Z"}}}
Restarting 'server/index.js'
{"time":"2026-06-28T16:16:16.016Z","level":"info","message":"database backup written","meta":{"path":"C:\\Users\\PC\\AppData\\Roaming\\Dan D Pak POS ERP\\data\\backups\\store-2026-06-28T16-16-15.db","bytes":37179392,"pruned":0}}
{"time":"2026-06-28T16:16:16.021Z","level":"info","message":"POS/ERP server started","meta":{"port":3000,"localUrl":"http://localhost:3000","webRoot":"C:\\Users\\PC\\Desktop\\Dan D Pak\\web","runtime":{"nodeEnv":"development","deploymentTarget":"local","providers":{"database":"sqlite","realtime":"socketio","storage":"local"},"appDataDirConfigured":false,"centralSyncConfigured":false,"corsConfigured":false,"backupRetentionDays":14,"warnings":[],"activeAppDataDirConfigured":true,"providerIssues":[],"startedAt":"2026-06-28T16:16:15.181Z"}}}
Restarting 'server/index.js'
{"time":"2026-06-28T16:16:24.611Z","level":"info","message":"database backup written","meta":{"path":"C:\\Users\\PC\\AppData\\Roaming\\Dan D Pak POS ERP\\data\\backups\\store-2026-06-28T16-16-24.db","bytes":37425152,"pruned":0}}
{"time":"2026-06-28T16:16:24.616Z","level":"info","message":"POS/ERP server started","meta":{"port":3000,"localUrl":"http://localhost:3000","webRoot":"C:\\Users\\PC\\Desktop\\Dan D Pak\\web","runtime":{"nodeEnv":"development","deploymentTarget":"local","providers":{"database":"sqlite","realtime":"socketio","storage":"local"},"appDataDirConfigured":false,"centralSyncConfigured":false,"corsConfigured":false,"backupRetentionDays":14,"warnings":[],"activeAppDataDirConfigured":true,"providerIssues":[],"startedAt":"2026-06-28T16:16:23.737Z"}}}
Restarting 'server/index.js'
{"time":"2026-06-28T16:16:35.300Z","level":"info","message":"database backup written","meta":{"path":"C:\\Users\\PC\\AppData\\Roaming\\Dan D Pak POS ERP\\data\\backups\\store-2026-06-28T16-16-35.db","bytes":37675008,"pruned":0}}
{"time":"2026-06-28T16:16:35.307Z","level":"info","message":"POS/ERP server started","meta":{"port":3000,"localUrl":"http://localhost:3000","webRoot":"C:\\Users\\PC\\Desktop\\Dan D Pak\\web","runtime":{"nodeEnv":"development","deploymentTarget":"local","providers":{"database":"sqlite","realtime":"socketio","storage":"local"},"appDataDirConfigured":false,"centralSyncConfigured":false,"corsConfigured":false,"backupRetentionDays":14,"warnings":[],"activeAppDataDirConfigured":true,"providerIssues":[],"startedAt":"2026-06-28T16:16:34.177Z"}}}
Restarting 'server/index.js'
{"time":"2026-06-28T16:16:53.851Z","level":"info","message":"database backup written","meta":{"path":"C:\\Users\\PC\\AppData\\Roaming\\Dan D Pak POS ERP\\data\\backups\\store-2026-06-28T16-16-53.db","bytes":37924864,"pruned":0}}
{"time":"2026-06-28T16:16:53.854Z","level":"info","message":"POS/ERP server started","meta":{"port":3000,"localUrl":"http://localhost:3000","webRoot":"C:\\Users\\PC\\Desktop\\Dan D Pak\\web","runtime":{"nodeEnv":"development","deploymentTarget":"local","providers":{"database":"sqlite","realtime":"socketio","storage":"local"},"appDataDirConfigured":false,"centralSyncConfigured":false,"corsConfigured":false,"backupRetentionDays":14,"warnings":[],"activeAppDataDirConfigured":true,"providerIssues":[],"startedAt":"2026-06-28T16:16:53.054Z"}}}
Restarting 'server/index.js'
Restarting 'server/index.js'
{"time":"2026-06-28T16:45:52.091Z","level":"info","message":"database backup written","meta":{"path":"C:\\Users\\PC\\AppData\\Roaming\\Dan D Pak POS ERP\\data\\backups\\store-2026-06-28T16-45-51.db","bytes":38604800,"pruned":0}}
{"time":"2026-06-28T16:45:52.095Z","level":"info","message":"POS/ERP server started","meta":{"port":3000,"localUrl":"http://localhost:3000","webRoot":"C:\\Users\\PC\\Desktop\\Dan D Pak\\web","runtime":{"nodeEnv":"development","deploymentTarget":"local","providers":{"database":"sqlite","realtime":"socketio","storage":"local"},"appDataDirConfigured":false,"centralSyncConfigured":false,"corsConfigured":false,"backupRetentionDays":14,"warnings":[],"activeAppDataDirConfigured":true,"providerIssues":[],"startedAt":"2026-06-28T16:45:51.283Z"}}}
Restarting 'server/index.js'
{"time":"2026-06-28T16:47:03.529Z","level":"info","message":"database backup written","meta":{"path":"C:\\Users\\PC\\AppData\\Roaming\\Dan D Pak POS ERP\\data\\backups\\store-2026-06-28T16-47-03.db","bytes":38879232,"pruned":0}}
{"time":"2026-06-28T16:47:03.532Z","level":"info","message":"POS/ERP server started","meta":{"port":3000,"localUrl":"http://localhost:3000","webRoot":"C:\\Users\\PC\\Desktop\\Dan D Pak\\web","runtime":{"nodeEnv":"development","deploymentTarget":"local","providers":{"database":"sqlite","realtime":"socketio","storage":"local"},"appDataDirConfigured":false,"centralSyncConfigured":false,"corsConfigured":false,"backupRetentionDays":14,"warnings":[],"activeAppDataDirConfigured":true,"providerIssues":[],"startedAt":"2026-06-28T16:47:02.747Z"}}}
Restarting 'server/index.js'
{"time":"2026-06-28T17:00:48.791Z","level":"info","message":"database backup written","meta":{"path":"C:\\Users\\PC\\AppData\\Roaming\\Dan D Pak POS ERP\\data\\backups\\store-2026-06-28T17-00-48.db","bytes":39211008,"pruned":0}}
{"time":"2026-06-28T17:00:48.794Z","level":"info","message":"POS/ERP server started","meta":{"port":3000,"localUrl":"http://localhost:3000","webRoot":"C:\\Users\\PC\\Desktop\\Dan D Pak\\web","runtime":{"nodeEnv":"development","deploymentTarget":"local","providers":{"database":"sqlite","realtime":"socketio","storage":"local"},"appDataDirConfigured":false,"centralSyncConfigured":false,"corsConfigured":false,"backupRetentionDays":14,"warnings":[],"activeAppDataDirConfigured":true,"providerIssues":[],"startedAt":"2026-06-28T17:00:47.731Z"}}}
Restarting 'server/index.js'
Restarting 'server/index.js'
{"time":"2026-06-28T17:01:14.011Z","level":"info","message":"database backup written","meta":{"path":"C:\\Users\\PC\\AppData\\Roaming\\Dan D Pak POS ERP\\data\\backups\\store-2026-06-28T17-01-13.db","bytes":39452672,"pruned":0}}
{"time":"2026-06-28T17:01:14.014Z","level":"info","message":"POS/ERP server started","meta":{"port":3000,"localUrl":"http://localhost:3000","webRoot":"C:\\Users\\PC\\Desktop\\Dan D Pak\\web","runtime":{"nodeEnv":"development","deploymentTarget":"local","providers":{"database":"sqlite","realtime":"socketio","storage":"local"},"appDataDirConfigured":false,"centralSyncConfigured":false,"corsConfigured":false,"backupRetentionDays":14,"warnings":[],"activeAppDataDirConfigured":true,"providerIssues":[],"startedAt":"2026-06-28T17:01:13.238Z"}}}
Restarting 'server/index.js'
Restarting 'server/index.js'
Restarting 'server/index.js'
{"time":"2026-06-28T17:14:59.866Z","level":"info","message":"database backup written","meta":{"path":"C:\\Users\\PC\\AppData\\Roaming\\Dan D Pak POS ERP\\data\\backups\\store-2026-06-28T17-14-59.db","bytes":39997440,"pruned":0}}
{"time":"2026-06-28T17:14:59.869Z","level":"info","message":"POS/ERP server started","meta":{"port":3000,"localUrl":"http://localhost:3000","webRoot":"C:\\Users\\PC\\Desktop\\Dan D Pak\\web","runtime":{"nodeEnv":"development","deploymentTarget":"local","providers":{"database":"sqlite","realtime":"socketio","storage":"local"},"appDataDirConfigured":false,"centralSyncConfigured":false,"corsConfigured":false,"backupRetentionDays":14,"warnings":[],"activeAppDataDirConfigured":true,"providerIssues":[],"startedAt":"2026-06-28T17:14:59.081Z"}}}
Restarting 'server/index.js'
{"time":"2026-06-28T17:16:53.815Z","level":"info","message":"database backup written","meta":{"path":"C:\\Users\\PC\\AppData\\Roaming\\Dan D Pak POS ERP\\data\\backups\\store-2026-06-28T17-16-53.db","bytes":40280064,"pruned":0}}
{"time":"2026-06-28T17:16:53.818Z","level":"info","message":"POS/ERP server started","meta":{"port":3000,"localUrl":"http://localhost:3000","webRoot":"C:\\Users\\PC\\Desktop\\Dan D Pak\\web","runtime":{"nodeEnv":"development","deploymentTarget":"local","providers":{"database":"sqlite","realtime":"socketio","storage":"local"},"appDataDirConfigured":false,"centralSyncConfigured":false,"corsConfigured":false,"backupRetentionDays":14,"warnings":[],"activeAppDataDirConfigured":true,"providerIssues":[],"startedAt":"2026-06-28T17:16:53.151Z"}}}
Restarting 'server/index.js'
Restarting 'server/index.js'
Restarting 'server/index.js'
{"time":"2026-06-28T17:45:52.974Z","level":"info","message":"database backup written","meta":{"path":"C:\\Users\\PC\\AppData\\Roaming\\Dan D Pak POS ERP\\data\\backups\\store-2026-06-28T17-45-52.db","bytes":40595456,"pruned":0}}
{"time":"2026-06-28T17:45:53.005Z","level":"info","message":"POS/ERP server started","meta":{"port":3000,"localUrl":"http://localhost:3000","webRoot":"C:\\Users\\PC\\Desktop\\Dan D Pak\\web","runtime":{"nodeEnv":"development","deploymentTarget":"local","providers":{"database":"sqlite","realtime":"socketio","storage":"local"},"appDataDirConfigured":false,"centralSyncConfigured":false,"corsConfigured":false,"backupRetentionDays":14,"warnings":[],"activeAppDataDirConfigured":true,"providerIssues":[],"startedAt":"2026-06-28T17:45:52.147Z"}}}
Restarting 'server/index.js'
{"time":"2026-06-28T17:47:03.928Z","level":"info","message":"database backup written","meta":{"path":"C:\\Users\\PC\\AppData\\Roaming\\Dan D Pak POS ERP\\data\\backups\\store-2026-06-28T17-47-03.db","bytes":40861696,"pruned":0}}
{"time":"2026-06-28T17:47:03.933Z","level":"info","message":"POS/ERP server started","meta":{"port":3000,"localUrl":"http://localhost:3000","webRoot":"C:\\Users\\PC\\Desktop\\Dan D Pak\\web","runtime":{"nodeEnv":"development","deploymentTarget":"local","providers":{"database":"sqlite","realtime":"socketio","storage":"local"},"appDataDirConfigured":false,"centralSyncConfigured":false,"corsConfigured":false,"backupRetentionDays":14,"warnings":[],"activeAppDataDirConfigured":true,"providerIssues":[],"startedAt":"2026-06-28T17:47:03.216Z"}}}
Restarting 'server/index.js'
{"time":"2026-06-28T17:51:38.874Z","level":"info","message":"database backup written","meta":{"path":"C:\\Users\\PC\\AppData\\Roaming\\Dan D Pak POS ERP\\data\\backups\\store-2026-06-28T17-51-38.db","bytes":41152512,"pruned":0}}
{"time":"2026-06-28T17:51:38.877Z","level":"info","message":"POS/ERP server started","meta":{"port":3000,"localUrl":"http://localhost:3000","webRoot":"C:\\Users\\PC\\Desktop\\Dan D Pak\\web","runtime":{"nodeEnv":"development","deploymentTarget":"local","providers":{"database":"sqlite","realtime":"socketio","storage":"local"},"appDataDirConfigured":false,"centralSyncConfigured":false,"corsConfigured":false,"backupRetentionDays":14,"warnings":[],"activeAppDataDirConfigured":true,"providerIssues":[],"startedAt":"2026-06-28T17:51:38.053Z"}}}
Restarting 'server/index.js'
{"time":"2026-06-28T17:51:51.353Z","level":"info","message":"database backup written","meta":{"path":"C:\\Users\\PC\\AppData\\Roaming\\Dan D Pak POS ERP\\data\\backups\\store-2026-06-28T17-51-51.db","bytes":41394176,"pruned":0}}
{"time":"2026-06-28T17:51:51.356Z","level":"info","message":"POS/ERP server started","meta":{"port":3000,"localUrl":"http://localhost:3000","webRoot":"C:\\Users\\PC\\Desktop\\Dan D Pak\\web","runtime":{"nodeEnv":"development","deploymentTarget":"local","providers":{"database":"sqlite","realtime":"socketio","storage":"local"},"appDataDirConfigured":false,"centralSyncConfigured":false,"corsConfigured":false,"backupRetentionDays":14,"warnings":[],"activeAppDataDirConfigured":true,"providerIssues":[],"startedAt":"2026-06-28T17:51:50.550Z"}}}
Restarting 'server/index.js'
{"time":"2026-06-28T17:51:58.891Z","level":"info","message":"database backup written","meta":{"path":"C:\\Users\\PC\\AppData\\Roaming\\Dan D Pak POS ERP\\data\\backups\\store-2026-06-28T17-51-58.db","bytes":41631744,"pruned":0}}
{"time":"2026-06-28T17:51:58.894Z","level":"info","message":"POS/ERP server started","meta":{"port":3000,"localUrl":"http://localhost:3000","webRoot":"C:\\Users\\PC\\Desktop\\Dan D Pak\\web","runtime":{"nodeEnv":"development","deploymentTarget":"local","providers":{"database":"sqlite","realtime":"socketio","storage":"local"},"appDataDirConfigured":false,"centralSyncConfigured":false,"corsConfigured":false,"backupRetentionDays":14,"warnings":[],"activeAppDataDirConfigured":true,"providerIssues":[],"startedAt":"2026-06-28T17:51:58.061Z"}}}
Restarting 'server/index.js'
{"time":"2026-06-28T17:52:17.607Z","level":"info","message":"database backup written","meta":{"path":"C:\\Users\\PC\\AppData\\Roaming\\Dan D Pak POS ERP\\data\\backups\\store-2026-06-28T17-52-17.db","bytes":41873408,"pruned":0}}
{"time":"2026-06-28T17:52:17.611Z","level":"info","message":"POS/ERP server started","meta":{"port":3000,"localUrl":"http://localhost:3000","webRoot":"C:\\Users\\PC\\Desktop\\Dan D Pak\\web","runtime":{"nodeEnv":"development","deploymentTarget":"local","providers":{"database":"sqlite","realtime":"socketio","storage":"local"},"appDataDirConfigured":false,"centralSyncConfigured":false,"corsConfigured":false,"backupRetentionDays":14,"warnings":[],"activeAppDataDirConfigured":true,"providerIssues":[],"startedAt":"2026-06-28T17:52:16.877Z"}}}
Restarting 'server/index.js'
{"time":"2026-06-28T17:52:26.236Z","level":"info","message":"database backup written","meta":{"path":"C:\\Users\\PC\\AppData\\Roaming\\Dan D Pak POS ERP\\data\\backups\\store-2026-06-28T17-52-26.db","bytes":42115072,"pruned":0}}
{"time":"2026-06-28T17:52:26.239Z","level":"info","message":"POS/ERP server started","meta":{"port":3000,"localUrl":"http://localhost:3000","webRoot":"C:\\Users\\PC\\Desktop\\Dan D Pak\\web","runtime":{"nodeEnv":"development","deploymentTarget":"local","providers":{"database":"sqlite","realtime":"socketio","storage":"local"},"appDataDirConfigured":false,"centralSyncConfigured":false,"corsConfigured":false,"backupRetentionDays":14,"warnings":[],"activeAppDataDirConfigured":true,"providerIssues":[],"startedAt":"2026-06-28T17:52:25.488Z"}}}
Restarting 'server/index.js'
{"time":"2026-06-28T17:52:41.445Z","level":"info","message":"database backup written","meta":{"path":"C:\\Users\\PC\\AppData\\Roaming\\Dan D Pak POS ERP\\data\\backups\\store-2026-06-28T17-52-41.db","bytes":42360832,"pruned":0}}
{"time":"2026-06-28T17:52:41.448Z","level":"info","message":"POS/ERP server started","meta":{"port":3000,"localUrl":"http://localhost:3000","webRoot":"C:\\Users\\PC\\Desktop\\Dan D Pak\\web","runtime":{"nodeEnv":"development","deploymentTarget":"local","providers":{"database":"sqlite","realtime":"socketio","storage":"local"},"appDataDirConfigured":false,"centralSyncConfigured":false,"corsConfigured":false,"backupRetentionDays":14,"warnings":[],"activeAppDataDirConfigured":true,"providerIssues":[],"startedAt":"2026-06-28T17:52:40.698Z"}}}
Restarting 'server/index.js'
{"time":"2026-06-28T17:55:10.899Z","level":"info","message":"database backup written","meta":{"path":"C:\\Users\\PC\\AppData\\Roaming\\Dan D Pak POS ERP\\data\\backups\\store-2026-06-28T17-55-10.db","bytes":42651648,"pruned":0}}
{"time":"2026-06-28T17:55:10.903Z","level":"info","message":"POS/ERP server started","meta":{"port":3000,"localUrl":"http://localhost:3000","webRoot":"C:\\Users\\PC\\Desktop\\Dan D Pak\\web","runtime":{"nodeEnv":"development","deploymentTarget":"local","providers":{"database":"sqlite","realtime":"socketio","storage":"local"},"appDataDirConfigured":false,"centralSyncConfigured":false,"corsConfigured":false,"backupRetentionDays":14,"warnings":[],"activeAppDataDirConfigured":true,"providerIssues":[],"startedAt":"2026-06-28T17:55:09.962Z"}}}
Restarting 'server/index.js'
{"time":"2026-06-28T17:55:21.298Z","level":"info","message":"database backup written","meta":{"path":"C:\\Users\\PC\\AppData\\Roaming\\Dan D Pak POS ERP\\data\\backups\\store-2026-06-28T17-55-21.db","bytes":42893312,"pruned":0}}
{"time":"2026-06-28T17:55:21.302Z","level":"info","message":"POS/ERP server started","meta":{"port":3000,"localUrl":"http://localhost:3000","webRoot":"C:\\Users\\PC\\Desktop\\Dan D Pak\\web","runtime":{"nodeEnv":"development","deploymentTarget":"local","providers":{"database":"sqlite","realtime":"socketio","storage":"local"},"appDataDirConfigured":false,"centralSyncConfigured":false,"corsConfigured":false,"backupRetentionDays":14,"warnings":[],"activeAppDataDirConfigured":true,"providerIssues":[],"startedAt":"2026-06-28T17:55:20.584Z"}}}
{"time":"2026-06-28T17:58:49.010Z","level":"info","message":"http request","meta":{"method":"GET","url":"/api/ping","status":200,"ms":56}}
Restarting 'server/index.js'
Restarting 'server/index.js'
Restarting 'server/index.js'
{"time":"2026-06-28T18:01:14.714Z","level":"info","message":"database backup written","meta":{"path":"C:\\Users\\PC\\AppData\\Roaming\\Dan D Pak POS ERP\\data\\backups\\store-2026-06-28T18-01-14.db","bytes":43257856,"pruned":0}}
{"time":"2026-06-28T18:01:14.719Z","level":"info","message":"POS/ERP server started","meta":{"port":3000,"localUrl":"http://localhost:3000","webRoot":"C:\\Users\\PC\\Desktop\\Dan D Pak\\web","runtime":{"nodeEnv":"development","deploymentTarget":"local","providers":{"database":"sqlite","realtime":"socketio","storage":"local"},"appDataDirConfigured":false,"centralSyncConfigured":false,"corsConfigured":false,"backupRetentionDays":14,"warnings":[],"activeAppDataDirConfigured":true,"providerIssues":[],"startedAt":"2026-06-28T18:01:13.712Z"}}}
Restarting 'server/index.js'
{"time":"2026-06-28T18:02:27.072Z","level":"info","message":"database backup written","meta":{"path":"C:\\Users\\PC\\AppData\\Roaming\\Dan D Pak POS ERP\\data\\backups\\store-2026-06-28T18-02-26.db","bytes":43520000,"pruned":0}}
{"time":"2026-06-28T18:02:27.074Z","level":"info","message":"POS/ERP server started","meta":{"port":3000,"localUrl":"http://localhost:3000","webRoot":"C:\\Users\\PC\\Desktop\\Dan D Pak\\web","runtime":{"nodeEnv":"development","deploymentTarget":"local","providers":{"database":"sqlite","realtime":"socketio","storage":"local"},"appDataDirConfigured":false,"centralSyncConfigured":false,"corsConfigured":false,"backupRetentionDays":14,"warnings":[],"activeAppDataDirConfigured":true,"providerIssues":[],"startedAt":"2026-06-28T18:02:26.404Z"}}}
Restarting 'server/index.js'
{"time":"2026-06-28T18:06:03.886Z","level":"info","message":"database backup written","meta":{"path":"C:\\Users\\PC\\AppData\\Roaming\\Dan D Pak POS ERP\\data\\backups\\store-2026-06-28T18-06-03.db","bytes":43835392,"pruned":0}}
{"time":"2026-06-28T18:06:03.889Z","level":"info","message":"POS/ERP server started","meta":{"port":3000,"localUrl":"http://localhost:3000","webRoot":"C:\\Users\\PC\\Desktop\\Dan D Pak\\web","runtime":{"nodeEnv":"development","deploymentTarget":"local","providers":{"database":"sqlite","realtime":"socketio","storage":"local"},"appDataDirConfigured":false,"centralSyncConfigured":false,"corsConfigured":false,"backupRetentionDays":14,"warnings":[],"activeAppDataDirConfigured":true,"providerIssues":[],"startedAt":"2026-06-28T18:06:03.222Z"}}}
Restarting 'server/index.js'
{"time":"2026-06-28T18:12:53.275Z","level":"info","message":"database backup written","meta":{"path":"C:\\Users\\PC\\AppData\\Roaming\\Dan D Pak POS ERP\\data\\backups\\store-2026-06-28T18-12-53.db","bytes":44204032,"pruned":0}}
{"time":"2026-06-28T18:12:53.279Z","level":"info","message":"POS/ERP server started","meta":{"port":3000,"localUrl":"http://localhost:3000","webRoot":"C:\\Users\\PC\\Desktop\\Dan D Pak\\web","runtime":{"nodeEnv":"development","deploymentTarget":"local","providers":{"database":"sqlite","realtime":"socketio","storage":"local"},"appDataDirConfigured":false,"centralSyncConfigured":false,"corsConfigured":false,"backupRetentionDays":14,"warnings":[],"activeAppDataDirConfigured":true,"providerIssues":[],"startedAt":"2026-06-28T18:12:52.647Z"}}}
Restarting 'server/index.js'
Restarting 'server/index.js'
{"time":"2026-06-28T18:19:37.143Z","level":"info","message":"database backup written","meta":{"path":"C:\\Users\\PC\\AppData\\Roaming\\Dan D Pak POS ERP\\data\\backups\\store-2026-06-28T18-19-37.db","bytes":44720128,"pruned":0}}
{"time":"2026-06-28T18:19:37.146Z","level":"info","message":"POS/ERP server started","meta":{"port":3000,"localUrl":"http://localhost:3000","webRoot":"C:\\Users\\PC\\Desktop\\Dan D Pak\\web","runtime":{"nodeEnv":"development","deploymentTarget":"local","providers":{"database":"sqlite","realtime":"socketio","storage":"local"},"appDataDirConfigured":false,"centralSyncConfigured":false,"corsConfigured":false,"backupRetentionDays":14,"warnings":[],"activeAppDataDirConfigured":true,"providerIssues":[],"startedAt":"2026-06-28T18:19:36.509Z"}}}
Restarting 'server/index.js'
{"time":"2026-06-28T18:23:26.189Z","level":"info","message":"database backup written","meta":{"path":"C:\\Users\\PC\\AppData\\Roaming\\Dan D Pak POS ERP\\data\\backups\\store-2026-06-28T18-23-26.db","bytes":45035520,"pruned":0}}
{"time":"2026-06-28T18:23:26.191Z","level":"info","message":"POS/ERP server started","meta":{"port":3000,"localUrl":"http://localhost:3000","webRoot":"C:\\Users\\PC\\Desktop\\Dan D Pak\\web","runtime":{"nodeEnv":"development","deploymentTarget":"local","providers":{"database":"sqlite","realtime":"socketio","storage":"local"},"appDataDirConfigured":false,"centralSyncConfigured":false,"corsConfigured":false,"backupRetentionDays":14,"warnings":[],"activeAppDataDirConfigured":true,"providerIssues":[],"startedAt":"2026-06-28T18:23:25.499Z"}}}
Restarting 'server/index.js'
{"time":"2026-06-28T18:23:32.819Z","level":"info","message":"database backup written","meta":{"path":"C:\\Users\\PC\\AppData\\Roaming\\Dan D Pak POS ERP\\data\\backups\\store-2026-06-28T18-23-32.db","bytes":45273088,"pruned":0}}
{"time":"2026-06-28T18:23:32.822Z","level":"info","message":"POS/ERP server started","meta":{"port":3000,"localUrl":"http://localhost:3000","webRoot":"C:\\Users\\PC\\Desktop\\Dan D Pak\\web","runtime":{"nodeEnv":"development","deploymentTarget":"local","providers":{"database":"sqlite","realtime":"socketio","storage":"local"},"appDataDirConfigured":false,"centralSyncConfigured":false,"corsConfigured":false,"backupRetentionDays":14,"warnings":[],"activeAppDataDirConfigured":true,"providerIssues":[],"startedAt":"2026-06-28T18:23:32.157Z"}}}
Restarting 'server/index.js'
{"time":"2026-06-28T18:30:10.884Z","level":"info","message":"database backup written","meta":{"path":"C:\\Users\\PC\\AppData\\Roaming\\Dan D Pak POS ERP\\data\\backups\\store-2026-06-28T18-30-10.db","bytes":45592576,"pruned":0}}
{"time":"2026-06-28T18:30:10.887Z","level":"info","message":"POS/ERP server started","meta":{"port":3000,"localUrl":"http://localhost:3000","webRoot":"C:\\Users\\PC\\Desktop\\Dan D Pak\\web","runtime":{"nodeEnv":"development","deploymentTarget":"local","providers":{"database":"sqlite","realtime":"socketio","storage":"local"},"appDataDirConfigured":false,"centralSyncConfigured":false,"corsConfigured":false,"backupRetentionDays":14,"warnings":[],"activeAppDataDirConfigured":true,"providerIssues":[],"startedAt":"2026-06-28T18:30:10.225Z"}}}
Restarting 'server/index.js'
{"time":"2026-06-28T18:30:47.062Z","level":"info","message":"database backup written","meta":{"path":"C:\\Users\\PC\\AppData\\Roaming\\Dan D Pak POS ERP\\data\\backups\\store-2026-06-28T18-30-46.db","bytes":45838336,"pruned":0}}
{"time":"2026-06-28T18:30:47.065Z","level":"info","message":"POS/ERP server started","meta":{"port":3000,"localUrl":"http://localhost:3000","webRoot":"C:\\Users\\PC\\Desktop\\Dan D Pak\\web","runtime":{"nodeEnv":"development","deploymentTarget":"local","providers":{"database":"sqlite","realtime":"socketio","storage":"local"},"appDataDirConfigured":false,"centralSyncConfigured":false,"corsConfigured":false,"backupRetentionDays":14,"warnings":[],"activeAppDataDirConfigured":true,"providerIssues":[],"startedAt":"2026-06-28T18:30:46.478Z"}}}
Restarting 'server/index.js'
{"time":"2026-06-28T18:30:54.204Z","level":"info","message":"database backup written","meta":{"path":"C:\\Users\\PC\\AppData\\Roaming\\Dan D Pak POS ERP\\data\\backups\\store-2026-06-28T18-30-54.db","bytes":46080000,"pruned":0}}
{"time":"2026-06-28T18:30:54.206Z","level":"info","message":"POS/ERP server started","meta":{"port":3000,"localUrl":"http://localhost:3000","webRoot":"C:\\Users\\PC\\Desktop\\Dan D Pak\\web","runtime":{"nodeEnv":"development","deploymentTarget":"local","providers":{"database":"sqlite","realtime":"socketio","storage":"local"},"appDataDirConfigured":false,"centralSyncConfigured":false,"corsConfigured":false,"backupRetentionDays":14,"warnings":[],"activeAppDataDirConfigured":true,"providerIssues":[],"startedAt":"2026-06-28T18:30:53.625Z"}}}
Restarting 'server/index.js'
{"time":"2026-06-28T18:30:59.503Z","level":"info","message":"database backup written","meta":{"path":"C:\\Users\\PC\\AppData\\Roaming\\Dan D Pak POS ERP\\data\\backups\\store-2026-06-28T18-30-59.db","bytes":46317568,"pruned":0}}
{"time":"2026-06-28T18:30:59.506Z","level":"info","message":"POS/ERP server started","meta":{"port":3000,"localUrl":"http://localhost:3000","webRoot":"C:\\Users\\PC\\Desktop\\Dan D Pak\\web","runtime":{"nodeEnv":"development","deploymentTarget":"local","providers":{"database":"sqlite","realtime":"socketio","storage":"local"},"appDataDirConfigured":false,"centralSyncConfigured":false,"corsConfigured":false,"backupRetentionDays":14,"warnings":[],"activeAppDataDirConfigured":true,"providerIssues":[],"startedAt":"2026-06-28T18:30:58.915Z"}}}
Restarting 'server/index.js'
{"time":"2026-06-28T18:31:15.168Z","level":"info","message":"database backup written","meta":{"path":"C:\\Users\\PC\\AppData\\Roaming\\Dan D Pak POS ERP\\data\\backups\\store-2026-06-28T18-31-14.db","bytes":46559232,"pruned":0}}
{"time":"2026-06-28T18:31:15.171Z","level":"info","message":"POS/ERP server started","meta":{"port":3000,"localUrl":"http://localhost:3000","webRoot":"C:\\Users\\PC\\Desktop\\Dan D Pak\\web","runtime":{"nodeEnv":"development","deploymentTarget":"local","providers":{"database":"sqlite","realtime":"socketio","storage":"local"},"appDataDirConfigured":false,"centralSyncConfigured":false,"corsConfigured":false,"backupRetentionDays":14,"warnings":[],"activeAppDataDirConfigured":true,"providerIssues":[],"startedAt":"2026-06-28T18:31:14.532Z"}}}
Restarting 'server/index.js'
{"time":"2026-06-28T18:31:41.050Z","level":"info","message":"database backup written","meta":{"path":"C:\\Users\\PC\\AppData\\Roaming\\Dan D Pak POS ERP\\data\\backups\\store-2026-06-28T18-31-40.db","bytes":46813184,"pruned":0}}
{"time":"2026-06-28T18:31:41.053Z","level":"info","message":"POS/ERP server started","meta":{"port":3000,"localUrl":"http://localhost:3000","webRoot":"C:\\Users\\PC\\Desktop\\Dan D Pak\\web","runtime":{"nodeEnv":"development","deploymentTarget":"local","providers":{"database":"sqlite","realtime":"socketio","storage":"local"},"appDataDirConfigured":false,"centralSyncConfigured":false,"corsConfigured":false,"backupRetentionDays":14,"warnings":[],"activeAppDataDirConfigured":true,"providerIssues":[],"startedAt":"2026-06-28T18:31:40.462Z"}}}
Restarting 'server/index.js'
{"time":"2026-06-28T18:31:54.342Z","level":"info","message":"database backup written","meta":{"path":"C:\\Users\\PC\\AppData\\Roaming\\Dan D Pak POS ERP\\data\\backups\\store-2026-06-28T18-31-54.db","bytes":47058944,"pruned":0}}
{"time":"2026-06-28T18:31:54.346Z","level":"info","message":"POS/ERP server started","meta":{"port":3000,"localUrl":"http://localhost:3000","webRoot":"C:\\Users\\PC\\Desktop\\Dan D Pak\\web","runtime":{"nodeEnv":"development","deploymentTarget":"local","providers":{"database":"sqlite","realtime":"socketio","storage":"local"},"appDataDirConfigured":false,"centralSyncConfigured":false,"corsConfigured":false,"backupRetentionDays":14,"warnings":[],"activeAppDataDirConfigured":true,"providerIssues":[],"startedAt":"2026-06-28T18:31:53.711Z"}}}
Restarting 'server/index.js'
{"time":"2026-06-28T18:32:08.200Z","level":"info","message":"database backup written","meta":{"path":"C:\\Users\\PC\\AppData\\Roaming\\Dan D Pak POS ERP\\data\\backups\\store-2026-06-28T18-32-08.db","bytes":47300608,"pruned":0}}
{"time":"2026-06-28T18:32:08.202Z","level":"info","message":"POS/ERP server started","meta":{"port":3000,"localUrl":"http://localhost:3000","webRoot":"C:\\Users\\PC\\Desktop\\Dan D Pak\\web","runtime":{"nodeEnv":"development","deploymentTarget":"local","providers":{"database":"sqlite","realtime":"socketio","storage":"local"},"appDataDirConfigured":false,"centralSyncConfigured":false,"corsConfigured":false,"backupRetentionDays":14,"warnings":[],"activeAppDataDirConfigured":true,"providerIssues":[],"startedAt":"2026-06-28T18:32:07.584Z"}}}
Restarting 'server/index.js'
{"time":"2026-06-28T18:32:19.790Z","level":"info","message":"database backup written","meta":{"path":"C:\\Users\\PC\\AppData\\Roaming\\Dan D Pak POS ERP\\data\\backups\\store-2026-06-28T18-32-19.db","bytes":47542272,"pruned":0}}
{"time":"2026-06-28T18:32:19.792Z","level":"info","message":"POS/ERP server started","meta":{"port":3000,"localUrl":"http://localhost:3000","webRoot":"C:\\Users\\PC\\Desktop\\Dan D Pak\\web","runtime":{"nodeEnv":"development","deploymentTarget":"local","providers":{"database":"sqlite","realtime":"socketio","storage":"local"},"appDataDirConfigured":false,"centralSyncConfigured":false,"corsConfigured":false,"backupRetentionDays":14,"warnings":[],"activeAppDataDirConfigured":true,"providerIssues":[],"startedAt":"2026-06-28T18:32:19.175Z"}}}
Restarting 'server/index.js'
{"time":"2026-06-28T18:32:30.862Z","level":"info","message":"database backup written","meta":{"path":"C:\\Users\\PC\\AppData\\Roaming\\Dan D Pak POS ERP\\data\\backups\\store-2026-06-28T18-32-30.db","bytes":47775744,"pruned":0}}
{"time":"2026-06-28T18:32:30.865Z","level":"info","message":"POS/ERP server started","meta":{"port":3000,"localUrl":"http://localhost:3000","webRoot":"C:\\Users\\PC\\Desktop\\Dan D Pak\\web","runtime":{"nodeEnv":"development","deploymentTarget":"local","providers":{"database":"sqlite","realtime":"socketio","storage":"local"},"appDataDirConfigured":false,"centralSyncConfigured":false,"corsConfigured":false,"backupRetentionDays":14,"warnings":[],"activeAppDataDirConfigured":true,"providerIssues":[],"startedAt":"2026-06-28T18:32:30.203Z"}}}
Restarting 'server/index.js'
{"time":"2026-06-28T18:32:37.188Z","level":"info","message":"database backup written","meta":{"path":"C:\\Users\\PC\\AppData\\Roaming\\Dan D Pak POS ERP\\data\\backups\\store-2026-06-28T18-32-37.db","bytes":48013312,"pruned":0}}
{"time":"2026-06-28T18:32:37.192Z","level":"info","message":"POS/ERP server started","meta":{"port":3000,"localUrl":"http://localhost:3000","webRoot":"C:\\Users\\PC\\Desktop\\Dan D Pak\\web","runtime":{"nodeEnv":"development","deploymentTarget":"local","providers":{"database":"sqlite","realtime":"socketio","storage":"local"},"appDataDirConfigured":false,"centralSyncConfigured":false,"corsConfigured":false,"backupRetentionDays":14,"warnings":[],"activeAppDataDirConfigured":true,"providerIssues":[],"startedAt":"2026-06-28T18:32:36.590Z"}}}
